<?xml version="1.0" encoding="UTF-8"?>
<!-- Generated by org.testng.reporters.JUnitReportReporter -->
<testsuite hostname="Hafsah" failures="0" tests="1" name="connectionTest" time="0.033" errors="0" timestamp="26 Feb 2022 00:04:21 GMT">
  <testcase classname="connectionTest" name="getConnectionTest" time="0.033"/>
</testsuite> <!-- connectionTest -->
