<?xml version="1.0" encoding="UTF-8"?>
<!-- Generated by org.testng.reporters.JUnitReportReporter -->
<testsuite hostname="Hafsah" failures="0" tests="2" name="UserTests" time="0.363" errors="0" timestamp="26 Feb 2022 00:37:05 GMT">
  <testcase classname="UserTests" name="listUsersTest" time="0.212"/>
  <testcase classname="UserTests" name="showEditFormTest" time="0.151"/>
</testsuite> <!-- UserTests -->
