<?xml version="1.0" encoding="UTF-8"?>
<!-- Generated by org.testng.reporters.JUnitReportReporter -->
<testsuite hostname="Hafsah" failures="0" tests="2" name="NewTest" time="1.411" errors="0" timestamp="24 Feb 2022 05:09:16 GMT">
  <testcase classname="NewTest" name="checkTitle" time="0.979"/>
  <testcase classname="NewTest" name="checkId" time="0.432"/>
</testsuite> <!-- NewTest -->
