<?xml version="1.0" encoding="UTF-8"?>
<!-- Generated by org.testng.reporters.JUnitReportReporter -->
<testsuite hostname="Hafsah" failures="0" tests="2" name="RegisterServletTest" time="0.739" errors="0" timestamp="25 Feb 2022 16:46:15 GMT">
  <testcase classname="RegisterServletTest" name="doPostTest" time="0.530"/>
  <testcase classname="RegisterServletTest" name="checkWebsite" time="0.209"/>
</testsuite> <!-- RegisterServletTest -->
