<?xml version="1.0" encoding="UTF-8"?>
<!-- Generated by org.testng.reporters.JUnitReportReporter -->
<testsuite hostname="Hafsah" failures="0" tests="2" name="UserTests" time="0.384" errors="0" timestamp="26 Feb 2022 00:04:21 GMT">
  <testcase classname="UserTests" name="listUsersTest" time="0.216"/>
  <testcase classname="UserTests" name="showEditFormTest" time="0.168"/>
</testsuite> <!-- UserTests -->
