<?xml version="1.0" encoding="UTF-8"?>
<!-- Generated by org.testng.reporters.JUnitReportReporter -->
<testsuite hostname="Hafsah" failures="0" tests="2" name="RegisterServletTest" time="0.689" errors="0" timestamp="26 Feb 2022 00:04:21 GMT">
  <testcase classname="RegisterServletTest" name="doPostTest" time="0.499"/>
  <testcase classname="RegisterServletTest" name="checkWebsite" time="0.190"/>
</testsuite> <!-- RegisterServletTest -->
