<?xml version="1.0" encoding="UTF-8"?>
<!-- Generated by org.testng.reporters.JUnitReportReporter -->
<testsuite hostname="Hafsah" failures="0" tests="1" name="connectionTest" time="0.029" errors="0" timestamp="25 Feb 2022 16:46:15 GMT">
  <testcase classname="connectionTest" name="getConnectionTest" time="0.029"/>
</testsuite> <!-- connectionTest -->
