<?xml version="1.0" encoding="UTF-8"?>
<!-- Generated by org.testng.reporters.JUnitReportReporter -->
<testsuite hostname="Hafsah" failures="0" tests="2" name="com.ssdevops.devops.NewTest" time="1.714" errors="0" timestamp="24 Feb 2022 03:58:05 GMT">
  <testcase classname="com.ssdevops.devops.NewTest" name="checkTitle" time="0.971"/>
  <testcase classname="com.ssdevops.devops.NewTest" name="checkId" time="0.743"/>
</testsuite> <!-- com.ssdevops.devops.NewTest -->
